  bai_5.cpp
C:\Program Files\Microsoft Visual Studio\2022\Community\VC\Tools\MSVC\14.35.32215\include\utility(172,16): warning C4244: 'initializing': conversion from 'double' to '_Ty1', possible loss of data
          with
          [
              _Ty1=float
          ]
C:\Program Files\Microsoft Visual Studio\2022\Community\VC\Tools\MSVC\14.35.32215\include\xutility(268): message : see reference to function template instantiation 'std::pair<float,point>::pair<double&,const point&,0>(_Other1,_Other2) noexcept' being compiled
          with
          [
              _Other1=double &,
              _Other2=const point &
          ]
C:\Program Files\Microsoft Visual Studio\2022\Community\VC\Tools\MSVC\14.35.32215\include\xutility(275,56): message : see reference to function template instantiation 'std::pair<float,point>::pair<double&,const point&,0>(_Other1,_Other2) noexcept' being compiled
          with
          [
              _Other1=double &,
              _Other2=const point &
          ]
C:\Program Files\Microsoft Visual Studio\2022\Community\VC\Tools\MSVC\14.35.32215\include\vector(852): message : see reference to function template instantiation 'void std::_Construct_in_place<std::pair<float,point>,double&,const point&>(_Ty &,double &,const point &) noexcept' being compiled
          with
          [
              _Ty=std::pair<float,point>
          ]
C:\Program Files\Microsoft Visual Studio\2022\Community\VC\Tools\MSVC\14.35.32215\include\vector(839): message : see reference to function template instantiation '_Ty &std::vector<_Ty,std::allocator<_Ty>>::_Emplace_back_with_unused_capacity<double&,const point&>(double &,const point &)' being compiled
          with
          [
              _Ty=std::pair<float,point>
          ]
C:\Program Files\Microsoft Visual Studio\2022\Community\VC\Tools\MSVC\14.35.32215\include\vector(845,13): message : see reference to function template instantiation '_Ty &std::vector<_Ty,std::allocator<_Ty>>::_Emplace_back_with_unused_capacity<double&,const point&>(double &,const point &)' being compiled
          with
          [
              _Ty=std::pair<float,point>
          ]
C:\Program Files\Microsoft Visual Studio\2022\Community\VC\Tools\MSVC\14.35.32215\include\vector(925): message : see reference to function template instantiation '_Ty &std::vector<_Ty,std::allocator<_Ty>>::_Emplace_one_at_back<double&,const point&>(double &,const point &)' being compiled
          with
          [
              _Ty=std::pair<float,point>
          ]
C:\Program Files\Microsoft Visual Studio\2022\Community\VC\Tools\MSVC\14.35.32215\include\vector(927,14): message : see reference to function template instantiation '_Ty &std::vector<_Ty,std::allocator<_Ty>>::_Emplace_one_at_back<double&,const point&>(double &,const point &)' being compiled
          with
          [
              _Ty=std::pair<float,point>
          ]
C:\Users\chann\Desktop\Code\OOP\LabOOP\Team2_Lab5\bai_5\bai_5\bai_5.cpp(101,1): message : see reference to function template instantiation 'void std::vector<std::pair<float,point>,std::allocator<std::pair<float,point>>>::emplace_back<double&,const point&>(double &,const point &)' being compiled
  bai_5.vcxproj -> C:\Users\chann\Desktop\Code\OOP\LabOOP\Team2_Lab5\bai_5\Debug\bai_5.exe
